1622131570|Giovana|A|/A2021-PDS431/TI.TI.TI/equipe.yaml
1622131783|Giovana|M|/A2021-PDS431/TI.TI.TI/equipe.yaml
1623196559|Brenda|A|/A2021-PDS431/TI.TI.TI/Documentos/ProspostaInicial/ApresentacaoPropostaIncial.pdf
1623198162|Giovana|A|/A2021-PDS431/TI.TI.TI/Documentos/PropostaInicial/ApresentacaoPropostaInicial.pdf
1623198162|Giovana|A|/A2021-PDS431/TI.TI.TI/Documentos/PropostaInicial/PropostaInicial.pdf
1623198838|Giovana|D|/A2021-PDS431/TI.TI.TI/Documentos/ProspostaInicial/
1623199485|Giovana|D|/A2021-PDS431/TI.TI.TI/Documentos/PropostaInicial/ApresentacaoPropostaInicial.pdf
1623199929|Brenda|A|/A2021-PDS431/TI.TI.TI/Documentos/EntregaInicial/ApresentacaoPropostaInicial.pdf
1623200246|Giovana|M|/A2021-PDS431/TI.TI.TI/Documentos/PropostaInicial/PropostaInicial.pdf
1623200331|Giovana|D|/A2021-PDS431/TI.TI.TI/Documentos/EntregaInicial/ApresentacaoPropostaInicial.pdf
1623201164|Brenda|A|/A2021-PDS431/TI.TI.TI/Documentos/PropostaInicial/ApresentacaoPropostaInicial.pdf
1623253523|Fernanda|A|/A2021-PDS431/TI.TI.TI/Documentos/PropostaInicial/AnaliseProjetosAnteriores.pdf
1623274704|Brenda|M|/A2021-PDS431/TI.TI.TI/Documentos/PropostaInicial/ApresentacaoPropostaInicial.pdf
1624719548|Giovana|A|/A2021-PDS431/TI.TI.TI/Documentos/Notas/Divisao_Notas_Equipe_1B_2021.pdf
1625164506|Gabriela|A|/A2021-PDS431/TI.TI.TI/Documentos/POC/ApresentacaoPoC.pdf
1625167335|Giovana|A|/A2021-PDS431/TI.TI.TI/Documentos/Notas/Divisao_Notas_Equipe_1B_2_2021.pdf
1625443353|Giovana|A|/A2021-PDS431/TI.TI.TI/Desenvolvimento/common.php
1625443353|Giovana|A|/A2021-PDS431/TI.TI.TI/Desenvolvimento/css/stylesheet.css
1625443353|Giovana|A|/A2021-PDS431/TI.TI.TI/Desenvolvimento/db/banco.class.php
1625443353|Giovana|A|/A2021-PDS431/TI.TI.TI/Desenvolvimento/db/main-pet-register.php
1625443353|Giovana|A|/A2021-PDS431/TI.TI.TI/Desenvolvimento/db/main-user-register.php
1625443353|Giovana|A|/A2021-PDS431/TI.TI.TI/Desenvolvimento/db/petinder_db.sql
1625443353|Giovana|A|/A2021-PDS431/TI.TI.TI/Desenvolvimento/img/logo.jpeg
1625443353|Giovana|A|/A2021-PDS431/TI.TI.TI/Desenvolvimento/index.php
1625443353|Giovana|A|/A2021-PDS431/TI.TI.TI/Desenvolvimento/js/script.js
1625443353|Giovana|A|/A2021-PDS431/TI.TI.TI/Desenvolvimento/langs.php
1625443353|Giovana|A|/A2021-PDS431/TI.TI.TI/Desenvolvimento/layout.php
1625443353|Giovana|A|/A2021-PDS431/TI.TI.TI/Desenvolvimento/pet_register.php
1625443353|Giovana|A|/A2021-PDS431/TI.TI.TI/Desenvolvimento/user_register.php
1625593077|Eduarda|A|/A2021-PDS431/TI.TI.TI/Documentos/RfRnfRn.pdf
1625618931|Brenda|A|/A2021-PDS431/TI.TI.TI/Documentos/POC/ProvaConceitual.pdf
1625625123|Giovana|M|/A2021-PDS431/TI.TI.TI/Desenvolvimento/db/banco.class.php
1625625123|Giovana|A|/A2021-PDS431/TI.TI.TI/Desenvolvimento/db/img/0f946ec38fc55cdbe5f4042427406c93.jpeg
1625625123|Giovana|M|/A2021-PDS431/TI.TI.TI/Desenvolvimento/db/main-pet-register.php
1625625123|Giovana|M|/A2021-PDS431/TI.TI.TI/Desenvolvimento/db/main-user-register.php
1625625123|Giovana|M|/A2021-PDS431/TI.TI.TI/Desenvolvimento/index.php
1625625123|Giovana|M|/A2021-PDS431/TI.TI.TI/Desenvolvimento/js/script.js
1625625123|Giovana|M|/A2021-PDS431/TI.TI.TI/Desenvolvimento/langs.php
1625625123|Giovana|M|/A2021-PDS431/TI.TI.TI/Desenvolvimento/pet_register.php
1625625123|Giovana|A|/A2021-PDS431/TI.TI.TI/Desenvolvimento/prova.php
1625625123|Giovana|M|/A2021-PDS431/TI.TI.TI/Desenvolvimento/user_register.php
1625671117|Gabriela|M|/A2021-PDS431/TI.TI.TI/Documentos/POC/ApresentacaoPoC.pdf
1625678172|Gabriela|A|/A2021-PDS431/TI.TI.TI/Videos/arquivodelog.log
1625678172|Gabriela|A|/A2021-PDS431/TI.TI.TI/Videos/caption.txt
1625678265|Gabriela|A|/A2021-PDS431/TI.TI.TI/Videos/integrantes/Brenda.jpeg
1625678265|Gabriela|A|/A2021-PDS431/TI.TI.TI/Videos/integrantes/Eduarda.jpeg
1625678265|Gabriela|A|/A2021-PDS431/TI.TI.TI/Videos/integrantes/Fernanda.jpeg
1625678265|Gabriela|A|/A2021-PDS431/TI.TI.TI/Videos/integrantes/Gabriela.jpeg
1625678265|Gabriela|A|/A2021-PDS431/TI.TI.TI/Videos/integrantes/Giovana.jpg
1626119012|Giovana|M|/A2021-PDS431/TI.TI.TI/Desenvolvimento/db/banco.class.php
1626119012|Giovana|D|/A2021-PDS431/TI.TI.TI/Desenvolvimento/db/imagens/
1626123286|Giovana|A|/A2021-PDS431/TI.TI.TI/Documentos/LaTeX/POC/abntex2-doc-abnt-6023.bib
1626123286|Giovana|A|/A2021-PDS431/TI.TI.TI/Documentos/LaTeX/POC/desenvolvimento/figuras.tex
1626123286|Giovana|A|/A2021-PDS431/TI.TI.TI/Documentos/LaTeX/POC/desenvolvimento/quadro.tex
1626123286|Giovana|A|/A2021-PDS431/TI.TI.TI/Documentos/LaTeX/POC/desenvolvimento/textos-conclusao.tex
1626123286|Giovana|A|/A2021-PDS431/TI.TI.TI/Documentos/LaTeX/POC/desenvolvimento/textos-diagrama.tex
1626123286|Giovana|A|/A2021-PDS431/TI.TI.TI/Documentos/LaTeX/POC/desenvolvimento/textos-tecnologias.tex
1626123286|Giovana|A|/A2021-PDS431/TI.TI.TI/Documentos/LaTeX/POC/ifsp-spo-inf-ctds.cls
1626123286|Giovana|A|/A2021-PDS431/TI.TI.TI/Documentos/LaTeX/POC/ifsp-spo-inf.cls
1626123286|Giovana|A|/A2021-PDS431/TI.TI.TI/Documentos/LaTeX/POC/ifsp-spo.cls
1626123286|Giovana|A|/A2021-PDS431/TI.TI.TI/Documentos/LaTeX/POC/ifsp.cls
1626123286|Giovana|A|/A2021-PDS431/TI.TI.TI/Documentos/LaTeX/POC/imagens/diagrama_de_arquitetura.jpg
1626123286|Giovana|A|/A2021-PDS431/TI.TI.TI/Documentos/LaTeX/POC/main.tex
1626123286|Giovana|A|/A2021-PDS431/TI.TI.TI/Documentos/LaTeX/POC/referencias.bib
1626123286|Giovana|A|/A2021-PDS431/TI.TI.TI/Documentos/LaTeX/POC/textos-introducao.tex
1626123286|Giovana|A|/A2021-PDS431/TI.TI.TI/Documentos/LaTeX/PropostaInicial/abntex2-doc-abnt-6023.bib
1626123286|Giovana|A|/A2021-PDS431/TI.TI.TI/Documentos/LaTeX/PropostaInicial/desenvolvimento/figuras.tex
1626123286|Giovana|A|/A2021-PDS431/TI.TI.TI/Documentos/LaTeX/PropostaInicial/desenvolvimento/quadro.tex
1626123286|Giovana|A|/A2021-PDS431/TI.TI.TI/Documentos/LaTeX/PropostaInicial/desenvolvimento/textos-equipe.tex
1626123286|Giovana|A|/A2021-PDS431/TI.TI.TI/Documentos/LaTeX/PropostaInicial/desenvolvimento/textos-funcionalidades.tex
1626123286|Giovana|A|/A2021-PDS431/TI.TI.TI/Documentos/LaTeX/PropostaInicial/desenvolvimento/textos-tecnologias.tex
1626123286|Giovana|A|/A2021-PDS431/TI.TI.TI/Documentos/LaTeX/PropostaInicial/ifsp-spo-inf-ctds.cls
1626123286|Giovana|A|/A2021-PDS431/TI.TI.TI/Documentos/LaTeX/PropostaInicial/ifsp-spo-inf.cls
1626123286|Giovana|A|/A2021-PDS431/TI.TI.TI/Documentos/LaTeX/PropostaInicial/ifsp-spo.cls
1626123286|Giovana|A|/A2021-PDS431/TI.TI.TI/Documentos/LaTeX/PropostaInicial/ifsp.cls
1626123286|Giovana|A|/A2021-PDS431/TI.TI.TI/Documentos/LaTeX/PropostaInicial/imagens/cadastro_animal.jpeg
1626123286|Giovana|A|/A2021-PDS431/TI.TI.TI/Documentos/LaTeX/PropostaInicial/imagens/fluxograma.png
1626123286|Giovana|A|/A2021-PDS431/TI.TI.TI/Documentos/LaTeX/PropostaInicial/imagens/formulario_adocao.jpeg
1626123286|Giovana|A|/A2021-PDS431/TI.TI.TI/Documentos/LaTeX/PropostaInicial/imagens/perfil_animal.jpeg
1626123286|Giovana|A|/A2021-PDS431/TI.TI.TI/Documentos/LaTeX/PropostaInicial/imagens/timeline.jpeg
1626123286|Giovana|A|/A2021-PDS431/TI.TI.TI/Documentos/LaTeX/PropostaInicial/main.tex
1626123286|Giovana|A|/A2021-PDS431/TI.TI.TI/Documentos/LaTeX/PropostaInicial/referencias.bib
1626123286|Giovana|A|/A2021-PDS431/TI.TI.TI/Documentos/LaTeX/PropostaInicial/textos-introducao.tex
1627577947|Giovana|A|/A2021-PDS431/TI.TI.TI/Desenvolvimento/application/.htaccess
1627577947|Giovana|A|/A2021-PDS431/TI.TI.TI/Desenvolvimento/application/cache/index.html
1627577947|Giovana|A|/A2021-PDS431/TI.TI.TI/Desenvolvimento/application/config/autoload.php
1627577947|Giovana|A|/A2021-PDS431/TI.TI.TI/Desenvolvimento/application/config/config.php
1627577947|Giovana|A|/A2021-PDS431/TI.TI.TI/Desenvolvimento/application/config/constants.php
1627577947|Giovana|A|/A2021-PDS431/TI.TI.TI/Desenvolvimento/application/config/doctypes.php
1627577947|Giovana|A|/A2021-PDS431/TI.TI.TI/Desenvolvimento/application/config/foreign_chars.php
1627577947|Giovana|A|/A2021-PDS431/TI.TI.TI/Desenvolvimento/application/config/hooks.php
1627577947|Giovana|A|/A2021-PDS431/TI.TI.TI/Desenvolvimento/application/config/index.html
1627577947|Giovana|A|/A2021-PDS431/TI.TI.TI/Desenvolvimento/application/config/memcached.php
1627577947|Giovana|A|/A2021-PDS431/TI.TI.TI/Desenvolvimento/application/config/migration.php
1627577947|Giovana|A|/A2021-PDS431/TI.TI.TI/Desenvolvimento/application/config/mimes.php
1627577947|Giovana|A|/A2021-PDS431/TI.TI.TI/Desenvolvimento/application/config/profiler.php
1627577947|Giovana|A|/A2021-PDS431/TI.TI.TI/Desenvolvimento/application/config/routes.php
1627577947|Giovana|A|/A2021-PDS431/TI.TI.TI/Desenvolvimento/application/config/smileys.php
1627577947|Giovana|A|/A2021-PDS431/TI.TI.TI/Desenvolvimento/application/config/user_agents.php
1627577947|Giovana|A|/A2021-PDS431/TI.TI.TI/Desenvolvimento/application/controllers/Animais.php
1627577947|Giovana|A|/A2021-PDS431/TI.TI.TI/Desenvolvimento/application/controllers/LanguageSwitcher.php
1627577947|Giovana|A|/A2021-PDS431/TI.TI.TI/Desenvolvimento/application/controllers/Usuarios.php
1627577947|Giovana|A|/A2021-PDS431/TI.TI.TI/Desenvolvimento/application/controllers/index.html
1627577947|Giovana|A|/A2021-PDS431/TI.TI.TI/Desenvolvimento/application/core/index.html
1627577947|Giovana|A|/A2021-PDS431/TI.TI.TI/Desenvolvimento/application/helpers/index.html
1627577947|Giovana|A|/A2021-PDS431/TI.TI.TI/Desenvolvimento/application/hooks/LanguageLoader.php
1627577947|Giovana|A|/A2021-PDS431/TI.TI.TI/Desenvolvimento/application/hooks/index.html
1627577947|Giovana|A|/A2021-PDS431/TI.TI.TI/Desenvolvimento/application/index.html
1627577947|Giovana|A|/A2021-PDS431/TI.TI.TI/Desenvolvimento/application/language/english/content_lang.php
1627577947|Giovana|A|/A2021-PDS431/TI.TI.TI/Desenvolvimento/application/language/index.html
1627577947|Giovana|A|/A2021-PDS431/TI.TI.TI/Desenvolvimento/application/language/portuguese/content_lang.php
1627577947|Giovana|A|/A2021-PDS431/TI.TI.TI/Desenvolvimento/application/libraries/index.html
1627577947|Giovana|A|/A2021-PDS431/TI.TI.TI/Desenvolvimento/application/logs/index.html
1627577947|Giovana|A|/A2021-PDS431/TI.TI.TI/Desenvolvimento/application/models/Animais_model.php
1627577947|Giovana|A|/A2021-PDS431/TI.TI.TI/Desenvolvimento/application/models/Especies_model.php
1627577947|Giovana|A|/A2021-PDS431/TI.TI.TI/Desenvolvimento/application/models/Generos_model.php
1627577947|Giovana|A|/A2021-PDS431/TI.TI.TI/Desenvolvimento/application/models/Pelagens_model.php
1627577947|Giovana|A|/A2021-PDS431/TI.TI.TI/Desenvolvimento/application/models/Portes_model.php
1627577947|Giovana|A|/A2021-PDS431/TI.TI.TI/Desenvolvimento/application/models/Racas_model.php
1627577947|Giovana|A|/A2021-PDS431/TI.TI.TI/Desenvolvimento/application/models/Temperamentos_model.php
1627577947|Giovana|A|/A2021-PDS431/TI.TI.TI/Desenvolvimento/application/models/Usuarios_model.php
1627577947|Giovana|A|/A2021-PDS431/TI.TI.TI/Desenvolvimento/application/models/index.html
1627577947|Giovana|A|/A2021-PDS431/TI.TI.TI/Desenvolvimento/application/third_party/index.html
1627577947|Giovana|A|/A2021-PDS431/TI.TI.TI/Desenvolvimento/application/views/animais/index.php
1627577947|Giovana|A|/A2021-PDS431/TI.TI.TI/Desenvolvimento/application/views/animais/register.php
1627577947|Giovana|A|/A2021-PDS431/TI.TI.TI/Desenvolvimento/application/views/animais/success.php
1627577947|Giovana|A|/A2021-PDS431/TI.TI.TI/Desenvolvimento/application/views/animais/view.php
1627577947|Giovana|A|/A2021-PDS431/TI.TI.TI/Desenvolvimento/application/views/errors/cli/error_404.php
1627577947|Giovana|A|/A2021-PDS431/TI.TI.TI/Desenvolvimento/application/views/errors/cli/error_db.php
1627577947|Giovana|A|/A2021-PDS431/TI.TI.TI/Desenvolvimento/application/views/errors/cli/error_exception.php
1627577947|Giovana|A|/A2021-PDS431/TI.TI.TI/Desenvolvimento/application/views/errors/cli/error_general.php
1627577947|Giovana|A|/A2021-PDS431/TI.TI.TI/Desenvolvimento/application/views/errors/cli/error_php.php
1627577947|Giovana|A|/A2021-PDS431/TI.TI.TI/Desenvolvimento/application/views/errors/cli/index.html
1627577947|Giovana|A|/A2021-PDS431/TI.TI.TI/Desenvolvimento/application/views/errors/html/error_404.php
1627577947|Giovana|A|/A2021-PDS431/TI.TI.TI/Desenvolvimento/application/views/errors/html/error_db.php
1627577947|Giovana|A|/A2021-PDS431/TI.TI.TI/Desenvolvimento/application/views/errors/html/error_exception.php
1627577947|Giovana|A|/A2021-PDS431/TI.TI.TI/Desenvolvimento/application/views/errors/html/error_general.php
1627577947|Giovana|A|/A2021-PDS431/TI.TI.TI/Desenvolvimento/application/views/errors/html/error_php.php
1627577947|Giovana|A|/A2021-PDS431/TI.TI.TI/Desenvolvimento/application/views/errors/html/index.html
1627577947|Giovana|A|/A2021-PDS431/TI.TI.TI/Desenvolvimento/application/views/errors/index.html
1627577947|Giovana|A|/A2021-PDS431/TI.TI.TI/Desenvolvimento/application/views/index.html
1627577947|Giovana|A|/A2021-PDS431/TI.TI.TI/Desenvolvimento/application/views/templates/footer.php
1627577947|Giovana|A|/A2021-PDS431/TI.TI.TI/Desenvolvimento/application/views/templates/header.php
1627577947|Giovana|A|/A2021-PDS431/TI.TI.TI/Desenvolvimento/application/views/usuarios/adoption_form.php
1627577947|Giovana|A|/A2021-PDS431/TI.TI.TI/Desenvolvimento/application/views/usuarios/dist.php
1627577947|Giovana|A|/A2021-PDS431/TI.TI.TI/Desenvolvimento/application/views/usuarios/index.php
1627577947|Giovana|A|/A2021-PDS431/TI.TI.TI/Desenvolvimento/application/views/usuarios/login.php
1627577947|Giovana|A|/A2021-PDS431/TI.TI.TI/Desenvolvimento/application/views/usuarios/register.php
1627577947|Giovana|A|/A2021-PDS431/TI.TI.TI/Desenvolvimento/application/views/usuarios/view.php
1627577947|Giovana|A|/A2021-PDS431/TI.TI.TI/Desenvolvimento/assets/logo.jpeg
1627577947|Giovana|D|/A2021-PDS431/TI.TI.TI/Desenvolvimento/common.php
1627577947|Giovana|A|/A2021-PDS431/TI.TI.TI/Desenvolvimento/composer.json
1627577947|Giovana|D|/A2021-PDS431/TI.TI.TI/Desenvolvimento/css/
1627577947|Giovana|D|/A2021-PDS431/TI.TI.TI/Desenvolvimento/db/
1627577947|Giovana|A|/A2021-PDS431/TI.TI.TI/Desenvolvimento/db_petinder.sql
1627577947|Giovana|D|/A2021-PDS431/TI.TI.TI/Desenvolvimento/img/
1627577947|Giovana|D|/A2021-PDS431/TI.TI.TI/Desenvolvimento/index.php
1627577947|Giovana|D|/A2021-PDS431/TI.TI.TI/Desenvolvimento/js/
1627577947|Giovana|D|/A2021-PDS431/TI.TI.TI/Desenvolvimento/langs.php
1627577947|Giovana|D|/A2021-PDS431/TI.TI.TI/Desenvolvimento/layout.php
1627577947|Giovana|D|/A2021-PDS431/TI.TI.TI/Desenvolvimento/pet_register.php
1627577947|Giovana|D|/A2021-PDS431/TI.TI.TI/Desenvolvimento/prova.php
1627577947|Giovana|A|/A2021-PDS431/TI.TI.TI/Desenvolvimento/system/.htaccess
1627577947|Giovana|A|/A2021-PDS431/TI.TI.TI/Desenvolvimento/system/core/Benchmark.php
1627577947|Giovana|A|/A2021-PDS431/TI.TI.TI/Desenvolvimento/system/core/CodeIgniter.php
1627577947|Giovana|A|/A2021-PDS431/TI.TI.TI/Desenvolvimento/system/core/Common.php
1627577947|Giovana|A|/A2021-PDS431/TI.TI.TI/Desenvolvimento/system/core/Config.php
1627577947|Giovana|A|/A2021-PDS431/TI.TI.TI/Desenvolvimento/system/core/Controller.php
1627577947|Giovana|A|/A2021-PDS431/TI.TI.TI/Desenvolvimento/system/core/Exceptions.php
1627577947|Giovana|A|/A2021-PDS431/TI.TI.TI/Desenvolvimento/system/core/Hooks.php
1627577947|Giovana|A|/A2021-PDS431/TI.TI.TI/Desenvolvimento/system/core/Input.php
1627577947|Giovana|A|/A2021-PDS431/TI.TI.TI/Desenvolvimento/system/core/Lang.php
1627577947|Giovana|A|/A2021-PDS431/TI.TI.TI/Desenvolvimento/system/core/Loader.php
1627577947|Giovana|A|/A2021-PDS431/TI.TI.TI/Desenvolvimento/system/core/Log.php
1627577947|Giovana|A|/A2021-PDS431/TI.TI.TI/Desenvolvimento/system/core/Model.php
1627577947|Giovana|A|/A2021-PDS431/TI.TI.TI/Desenvolvimento/system/core/Output.php
1627577947|Giovana|A|/A2021-PDS431/TI.TI.TI/Desenvolvimento/system/core/Router.php
1627577947|Giovana|A|/A2021-PDS431/TI.TI.TI/Desenvolvimento/system/core/Security.php
1627577947|Giovana|A|/A2021-PDS431/TI.TI.TI/Desenvolvimento/system/core/URI.php
1627577947|Giovana|A|/A2021-PDS431/TI.TI.TI/Desenvolvimento/system/core/Utf8.php
1627577947|Giovana|A|/A2021-PDS431/TI.TI.TI/Desenvolvimento/system/core/compat/hash.php
1627577947|Giovana|A|/A2021-PDS431/TI.TI.TI/Desenvolvimento/system/core/compat/index.html
1627577947|Giovana|A|/A2021-PDS431/TI.TI.TI/Desenvolvimento/system/core/compat/mbstring.php
1627577947|Giovana|A|/A2021-PDS431/TI.TI.TI/Desenvolvimento/system/core/compat/password.php
1627577947|Giovana|A|/A2021-PDS431/TI.TI.TI/Desenvolvimento/system/core/compat/standard.php
1627577947|Giovana|A|/A2021-PDS431/TI.TI.TI/Desenvolvimento/system/core/index.html
1627577947|Giovana|A|/A2021-PDS431/TI.TI.TI/Desenvolvimento/system/database/DB.php
1627577947|Giovana|A|/A2021-PDS431/TI.TI.TI/Desenvolvimento/system/database/DB_cache.php
1627577947|Giovana|A|/A2021-PDS431/TI.TI.TI/Desenvolvimento/system/database/DB_driver.php
1627577947|Giovana|A|/A2021-PDS431/TI.TI.TI/Desenvolvimento/system/database/DB_forge.php
1627577947|Giovana|A|/A2021-PDS431/TI.TI.TI/Desenvolvimento/system/database/DB_query_builder.php
1627577947|Giovana|A|/A2021-PDS431/TI.TI.TI/Desenvolvimento/system/database/DB_result.php
1627577947|Giovana|A|/A2021-PDS431/TI.TI.TI/Desenvolvimento/system/database/DB_utility.php
1627577947|Giovana|A|/A2021-PDS431/TI.TI.TI/Desenvolvimento/system/database/drivers/cubrid/cubrid_driver.php
1627577947|Giovana|A|/A2021-PDS431/TI.TI.TI/Desenvolvimento/system/database/drivers/cubrid/cubrid_forge.php
1627577947|Giovana|A|/A2021-PDS431/TI.TI.TI/Desenvolvimento/system/database/drivers/cubrid/cubrid_result.php
1627577947|Giovana|A|/A2021-PDS431/TI.TI.TI/Desenvolvimento/system/database/drivers/cubrid/cubrid_utility.php
1627577947|Giovana|A|/A2021-PDS431/TI.TI.TI/Desenvolvimento/system/database/drivers/cubrid/index.html
1627577947|Giovana|A|/A2021-PDS431/TI.TI.TI/Desenvolvimento/system/database/drivers/ibase/ibase_driver.php
1627577947|Giovana|A|/A2021-PDS431/TI.TI.TI/Desenvolvimento/system/database/drivers/ibase/ibase_forge.php
1627577947|Giovana|A|/A2021-PDS431/TI.TI.TI/Desenvolvimento/system/database/drivers/ibase/ibase_result.php
1627577947|Giovana|A|/A2021-PDS431/TI.TI.TI/Desenvolvimento/system/database/drivers/ibase/ibase_utility.php
1627577947|Giovana|A|/A2021-PDS431/TI.TI.TI/Desenvolvimento/system/database/drivers/ibase/index.html
1627577947|Giovana|A|/A2021-PDS431/TI.TI.TI/Desenvolvimento/system/database/drivers/index.html
1627577947|Giovana|A|/A2021-PDS431/TI.TI.TI/Desenvolvimento/system/database/drivers/mssql/index.html
1627577947|Giovana|A|/A2021-PDS431/TI.TI.TI/Desenvolvimento/system/database/drivers/mssql/mssql_driver.php
1627577947|Giovana|A|/A2021-PDS431/TI.TI.TI/Desenvolvimento/system/database/drivers/mssql/mssql_forge.php
1627577947|Giovana|A|/A2021-PDS431/TI.TI.TI/Desenvolvimento/system/database/drivers/mssql/mssql_result.php
1627577947|Giovana|A|/A2021-PDS431/TI.TI.TI/Desenvolvimento/system/database/drivers/mssql/mssql_utility.php
1627577947|Giovana|A|/A2021-PDS431/TI.TI.TI/Desenvolvimento/system/database/drivers/mysql/index.html
1627577947|Giovana|A|/A2021-PDS431/TI.TI.TI/Desenvolvimento/system/database/drivers/mysql/mysql_driver.php
1627577947|Giovana|A|/A2021-PDS431/TI.TI.TI/Desenvolvimento/system/database/drivers/mysql/mysql_forge.php
1627577947|Giovana|A|/A2021-PDS431/TI.TI.TI/Desenvolvimento/system/database/drivers/mysql/mysql_result.php
1627577947|Giovana|A|/A2021-PDS431/TI.TI.TI/Desenvolvimento/system/database/drivers/mysql/mysql_utility.php
1627577947|Giovana|A|/A2021-PDS431/TI.TI.TI/Desenvolvimento/system/database/drivers/mysqli/index.html
1627577947|Giovana|A|/A2021-PDS431/TI.TI.TI/Desenvolvimento/system/database/drivers/mysqli/mysqli_driver.php
1627577947|Giovana|A|/A2021-PDS431/TI.TI.TI/Desenvolvimento/system/database/drivers/mysqli/mysqli_forge.php
1627577947|Giovana|A|/A2021-PDS431/TI.TI.TI/Desenvolvimento/system/database/drivers/mysqli/mysqli_result.php
1627577947|Giovana|A|/A2021-PDS431/TI.TI.TI/Desenvolvimento/system/database/drivers/mysqli/mysqli_utility.php
1627577947|Giovana|A|/A2021-PDS431/TI.TI.TI/Desenvolvimento/system/database/drivers/oci8/index.html
1627577947|Giovana|A|/A2021-PDS431/TI.TI.TI/Desenvolvimento/system/database/drivers/oci8/oci8_driver.php
1627577947|Giovana|A|/A2021-PDS431/TI.TI.TI/Desenvolvimento/system/database/drivers/oci8/oci8_forge.php
1627577947|Giovana|A|/A2021-PDS431/TI.TI.TI/Desenvolvimento/system/database/drivers/oci8/oci8_result.php
1627577947|Giovana|A|/A2021-PDS431/TI.TI.TI/Desenvolvimento/system/database/drivers/oci8/oci8_utility.php
1627577947|Giovana|A|/A2021-PDS431/TI.TI.TI/Desenvolvimento/system/database/drivers/odbc/index.html
1627577947|Giovana|A|/A2021-PDS431/TI.TI.TI/Desenvolvimento/system/database/drivers/odbc/odbc_driver.php
1627577947|Giovana|A|/A2021-PDS431/TI.TI.TI/Desenvolvimento/system/database/drivers/odbc/odbc_forge.php
1627577947|Giovana|A|/A2021-PDS431/TI.TI.TI/Desenvolvimento/system/database/drivers/odbc/odbc_result.php
1627577947|Giovana|A|/A2021-PDS431/TI.TI.TI/Desenvolvimento/system/database/drivers/odbc/odbc_utility.php
1627577947|Giovana|A|/A2021-PDS431/TI.TI.TI/Desenvolvimento/system/database/drivers/pdo/index.html
1627577947|Giovana|A|/A2021-PDS431/TI.TI.TI/Desenvolvimento/system/database/drivers/pdo/pdo_driver.php
1627577947|Giovana|A|/A2021-PDS431/TI.TI.TI/Desenvolvimento/system/database/drivers/pdo/pdo_forge.php
1627577947|Giovana|A|/A2021-PDS431/TI.TI.TI/Desenvolvimento/system/database/drivers/pdo/pdo_result.php
1627577947|Giovana|A|/A2021-PDS431/TI.TI.TI/Desenvolvimento/system/database/drivers/pdo/pdo_utility.php
1627577947|Giovana|A|/A2021-PDS431/TI.TI.TI/Desenvolvimento/system/database/drivers/pdo/subdrivers/index.html
1627577947|Giovana|A|/A2021-PDS431/TI.TI.TI/Desenvolvimento/system/database/drivers/pdo/subdrivers/pdo_4d_driver.php
1627577947|Giovana|A|/A2021-PDS431/TI.TI.TI/Desenvolvimento/system/database/drivers/pdo/subdrivers/pdo_4d_forge.php
1627577947|Giovana|A|/A2021-PDS431/TI.TI.TI/Desenvolvimento/system/database/drivers/pdo/subdrivers/pdo_cubrid_driver.php
1627577947|Giovana|A|/A2021-PDS431/TI.TI.TI/Desenvolvimento/system/database/drivers/pdo/subdrivers/pdo_cubrid_forge.php
1627577947|Giovana|A|/A2021-PDS431/TI.TI.TI/Desenvolvimento/system/database/drivers/pdo/subdrivers/pdo_dblib_driver.php
1627577947|Giovana|A|/A2021-PDS431/TI.TI.TI/Desenvolvimento/system/database/drivers/pdo/subdrivers/pdo_dblib_forge.php
1627577947|Giovana|A|/A2021-PDS431/TI.TI.TI/Desenvolvimento/system/database/drivers/pdo/subdrivers/pdo_firebird_driver.php
1627577947|Giovana|A|/A2021-PDS431/TI.TI.TI/Desenvolvimento/system/database/drivers/pdo/subdrivers/pdo_firebird_forge.php
1627577947|Giovana|A|/A2021-PDS431/TI.TI.TI/Desenvolvimento/system/database/drivers/pdo/subdrivers/pdo_ibm_driver.php
1627577947|Giovana|A|/A2021-PDS431/TI.TI.TI/Desenvolvimento/system/database/drivers/pdo/subdrivers/pdo_ibm_forge.php
1627577947|Giovana|A|/A2021-PDS431/TI.TI.TI/Desenvolvimento/system/database/drivers/pdo/subdrivers/pdo_informix_driver.php
1627577947|Giovana|A|/A2021-PDS431/TI.TI.TI/Desenvolvimento/system/database/drivers/pdo/subdrivers/pdo_informix_forge.php
1627577947|Giovana|A|/A2021-PDS431/TI.TI.TI/Desenvolvimento/system/database/drivers/pdo/subdrivers/pdo_mysql_driver.php
1627577947|Giovana|A|/A2021-PDS431/TI.TI.TI/Desenvolvimento/system/database/drivers/pdo/subdrivers/pdo_mysql_forge.php
1627577947|Giovana|A|/A2021-PDS431/TI.TI.TI/Desenvolvimento/system/database/drivers/pdo/subdrivers/pdo_oci_driver.php
1627577947|Giovana|A|/A2021-PDS431/TI.TI.TI/Desenvolvimento/system/database/drivers/pdo/subdrivers/pdo_oci_forge.php
1627577947|Giovana|A|/A2021-PDS431/TI.TI.TI/Desenvolvimento/system/database/drivers/pdo/subdrivers/pdo_odbc_driver.php
1627577947|Giovana|A|/A2021-PDS431/TI.TI.TI/Desenvolvimento/system/database/drivers/pdo/subdrivers/pdo_odbc_forge.php
1627577947|Giovana|A|/A2021-PDS431/TI.TI.TI/Desenvolvimento/system/database/drivers/pdo/subdrivers/pdo_pgsql_driver.php
1627577947|Giovana|A|/A2021-PDS431/TI.TI.TI/Desenvolvimento/system/database/drivers/pdo/subdrivers/pdo_pgsql_forge.php
1627577947|Giovana|A|/A2021-PDS431/TI.TI.TI/Desenvolvimento/system/database/drivers/pdo/subdrivers/pdo_sqlite_driver.php
1627577947|Giovana|A|/A2021-PDS431/TI.TI.TI/Desenvolvimento/system/database/drivers/pdo/subdrivers/pdo_sqlite_forge.php
1627577947|Giovana|A|/A2021-PDS431/TI.TI.TI/Desenvolvimento/system/database/drivers/pdo/subdrivers/pdo_sqlsrv_driver.php
1627577947|Giovana|A|/A2021-PDS431/TI.TI.TI/Desenvolvimento/system/database/drivers/pdo/subdrivers/pdo_sqlsrv_forge.php
1627577947|Giovana|A|/A2021-PDS431/TI.TI.TI/Desenvolvimento/system/database/drivers/postgre/index.html
1627577947|Giovana|A|/A2021-PDS431/TI.TI.TI/Desenvolvimento/system/database/drivers/postgre/postgre_driver.php
1627577947|Giovana|A|/A2021-PDS431/TI.TI.TI/Desenvolvimento/system/database/drivers/postgre/postgre_forge.php
1627577947|Giovana|A|/A2021-PDS431/TI.TI.TI/Desenvolvimento/system/database/drivers/postgre/postgre_result.php
1627577947|Giovana|A|/A2021-PDS431/TI.TI.TI/Desenvolvimento/system/database/drivers/postgre/postgre_utility.php
1627577947|Giovana|A|/A2021-PDS431/TI.TI.TI/Desenvolvimento/system/database/drivers/sqlite/index.html
1627577947|Giovana|A|/A2021-PDS431/TI.TI.TI/Desenvolvimento/system/database/drivers/sqlite/sqlite_driver.php
1627577947|Giovana|A|/A2021-PDS431/TI.TI.TI/Desenvolvimento/system/database/drivers/sqlite/sqlite_forge.php
1627577947|Giovana|A|/A2021-PDS431/TI.TI.TI/Desenvolvimento/system/database/drivers/sqlite/sqlite_result.php
1627577947|Giovana|A|/A2021-PDS431/TI.TI.TI/Desenvolvimento/system/database/drivers/sqlite/sqlite_utility.php
1627577947|Giovana|A|/A2021-PDS431/TI.TI.TI/Desenvolvimento/system/database/drivers/sqlite3/index.html
1627577947|Giovana|A|/A2021-PDS431/TI.TI.TI/Desenvolvimento/system/database/drivers/sqlite3/sqlite3_driver.php
1627577947|Giovana|A|/A2021-PDS431/TI.TI.TI/Desenvolvimento/system/database/drivers/sqlite3/sqlite3_forge.php
1627577947|Giovana|A|/A2021-PDS431/TI.TI.TI/Desenvolvimento/system/database/drivers/sqlite3/sqlite3_result.php
1627577947|Giovana|A|/A2021-PDS431/TI.TI.TI/Desenvolvimento/system/database/drivers/sqlite3/sqlite3_utility.php
1627577947|Giovana|A|/A2021-PDS431/TI.TI.TI/Desenvolvimento/system/database/drivers/sqlsrv/index.html
1627577947|Giovana|A|/A2021-PDS431/TI.TI.TI/Desenvolvimento/system/database/drivers/sqlsrv/sqlsrv_driver.php
1627577947|Giovana|A|/A2021-PDS431/TI.TI.TI/Desenvolvimento/system/database/drivers/sqlsrv/sqlsrv_forge.php
1627577947|Giovana|A|/A2021-PDS431/TI.TI.TI/Desenvolvimento/system/database/drivers/sqlsrv/sqlsrv_result.php
1627577947|Giovana|A|/A2021-PDS431/TI.TI.TI/Desenvolvimento/system/database/drivers/sqlsrv/sqlsrv_utility.php
1627577947|Giovana|A|/A2021-PDS431/TI.TI.TI/Desenvolvimento/system/database/index.html
1627577947|Giovana|A|/A2021-PDS431/TI.TI.TI/Desenvolvimento/system/fonts/index.html
1627577947|Giovana|A|/A2021-PDS431/TI.TI.TI/Desenvolvimento/system/fonts/texb.ttf
1627577947|Giovana|A|/A2021-PDS431/TI.TI.TI/Desenvolvimento/system/helpers/array_helper.php
1627577947|Giovana|A|/A2021-PDS431/TI.TI.TI/Desenvolvimento/system/helpers/captcha_helper.php
1627577947|Giovana|A|/A2021-PDS431/TI.TI.TI/Desenvolvimento/system/helpers/cookie_helper.php
1627577947|Giovana|A|/A2021-PDS431/TI.TI.TI/Desenvolvimento/system/helpers/date_helper.php
1627577947|Giovana|A|/A2021-PDS431/TI.TI.TI/Desenvolvimento/system/helpers/directory_helper.php
1627577947|Giovana|A|/A2021-PDS431/TI.TI.TI/Desenvolvimento/system/helpers/download_helper.php
1627577947|Giovana|A|/A2021-PDS431/TI.TI.TI/Desenvolvimento/system/helpers/email_helper.php
1627577947|Giovana|A|/A2021-PDS431/TI.TI.TI/Desenvolvimento/system/helpers/file_helper.php
1627577947|Giovana|A|/A2021-PDS431/TI.TI.TI/Desenvolvimento/system/helpers/form_helper.php
1627577947|Giovana|A|/A2021-PDS431/TI.TI.TI/Desenvolvimento/system/helpers/html_helper.php
1627577947|Giovana|A|/A2021-PDS431/TI.TI.TI/Desenvolvimento/system/helpers/index.html
1627577947|Giovana|A|/A2021-PDS431/TI.TI.TI/Desenvolvimento/system/helpers/inflector_helper.php
1627577947|Giovana|A|/A2021-PDS431/TI.TI.TI/Desenvolvimento/system/helpers/language_helper.php
1627577947|Giovana|A|/A2021-PDS431/TI.TI.TI/Desenvolvimento/system/helpers/number_helper.php
1627577947|Giovana|A|/A2021-PDS431/TI.TI.TI/Desenvolvimento/system/helpers/path_helper.php
1627577947|Giovana|A|/A2021-PDS431/TI.TI.TI/Desenvolvimento/system/helpers/security_helper.php
1627577947|Giovana|A|/A2021-PDS431/TI.TI.TI/Desenvolvimento/system/helpers/smiley_helper.php
1627577947|Giovana|A|/A2021-PDS431/TI.TI.TI/Desenvolvimento/system/helpers/string_helper.php
1627577947|Giovana|A|/A2021-PDS431/TI.TI.TI/Desenvolvimento/system/helpers/text_helper.php
1627577947|Giovana|A|/A2021-PDS431/TI.TI.TI/Desenvolvimento/system/helpers/typography_helper.php
1627577947|Giovana|A|/A2021-PDS431/TI.TI.TI/Desenvolvimento/system/helpers/url_helper.php
1627577947|Giovana|A|/A2021-PDS431/TI.TI.TI/Desenvolvimento/system/helpers/xml_helper.php
1627577947|Giovana|A|/A2021-PDS431/TI.TI.TI/Desenvolvimento/system/index.html
1627577947|Giovana|A|/A2021-PDS431/TI.TI.TI/Desenvolvimento/system/language/english/calendar_lang.php
1627577947|Giovana|A|/A2021-PDS431/TI.TI.TI/Desenvolvimento/system/language/english/date_lang.php
1627577947|Giovana|A|/A2021-PDS431/TI.TI.TI/Desenvolvimento/system/language/english/db_lang.php
1627577947|Giovana|A|/A2021-PDS431/TI.TI.TI/Desenvolvimento/system/language/english/email_lang.php
1627577947|Giovana|A|/A2021-PDS431/TI.TI.TI/Desenvolvimento/system/language/english/form_validation_lang.php
1627577947|Giovana|A|/A2021-PDS431/TI.TI.TI/Desenvolvimento/system/language/english/ftp_lang.php
1627577947|Giovana|A|/A2021-PDS431/TI.TI.TI/Desenvolvimento/system/language/english/imglib_lang.php
1627577947|Giovana|A|/A2021-PDS431/TI.TI.TI/Desenvolvimento/system/language/english/index.html
1627577947|Giovana|A|/A2021-PDS431/TI.TI.TI/Desenvolvimento/system/language/english/migration_lang.php
1627577947|Giovana|A|/A2021-PDS431/TI.TI.TI/Desenvolvimento/system/language/english/number_lang.php
1627577947|Giovana|A|/A2021-PDS431/TI.TI.TI/Desenvolvimento/system/language/english/pagination_lang.php
1627577947|Giovana|A|/A2021-PDS431/TI.TI.TI/Desenvolvimento/system/language/english/profiler_lang.php
1627577947|Giovana|A|/A2021-PDS431/TI.TI.TI/Desenvolvimento/system/language/english/unit_test_lang.php
1627577947|Giovana|A|/A2021-PDS431/TI.TI.TI/Desenvolvimento/system/language/english/upload_lang.php
1627577947|Giovana|A|/A2021-PDS431/TI.TI.TI/Desenvolvimento/system/language/index.html
1627577947|Giovana|A|/A2021-PDS431/TI.TI.TI/Desenvolvimento/system/language/portuguese/calendar_lang.php
1627577947|Giovana|A|/A2021-PDS431/TI.TI.TI/Desenvolvimento/system/language/portuguese/date_lang.php
1627577947|Giovana|A|/A2021-PDS431/TI.TI.TI/Desenvolvimento/system/language/portuguese/db_lang.php
1627577947|Giovana|A|/A2021-PDS431/TI.TI.TI/Desenvolvimento/system/language/portuguese/email_lang.php
1627577947|Giovana|A|/A2021-PDS431/TI.TI.TI/Desenvolvimento/system/language/portuguese/form_validation_lang.php
1627577947|Giovana|A|/A2021-PDS431/TI.TI.TI/Desenvolvimento/system/language/portuguese/ftp_lang.php
1627577947|Giovana|A|/A2021-PDS431/TI.TI.TI/Desenvolvimento/system/language/portuguese/imglib_lang.php
1627577947|Giovana|A|/A2021-PDS431/TI.TI.TI/Desenvolvimento/system/language/portuguese/index.html
1627577947|Giovana|A|/A2021-PDS431/TI.TI.TI/Desenvolvimento/system/language/portuguese/migration_lang.php
1627577947|Giovana|A|/A2021-PDS431/TI.TI.TI/Desenvolvimento/system/language/portuguese/number_lang.php
1627577947|Giovana|A|/A2021-PDS431/TI.TI.TI/Desenvolvimento/system/language/portuguese/pagination_lang.php
1627577947|Giovana|A|/A2021-PDS431/TI.TI.TI/Desenvolvimento/system/language/portuguese/profiler_lang.php
1627577947|Giovana|A|/A2021-PDS431/TI.TI.TI/Desenvolvimento/system/language/portuguese/unit_test_lang.php
1627577947|Giovana|A|/A2021-PDS431/TI.TI.TI/Desenvolvimento/system/language/portuguese/upload_lang.php
1627577947|Giovana|A|/A2021-PDS431/TI.TI.TI/Desenvolvimento/system/libraries/Cache/Cache.php
1627577947|Giovana|A|/A2021-PDS431/TI.TI.TI/Desenvolvimento/system/libraries/Cache/drivers/Cache_apc.php
1627577947|Giovana|A|/A2021-PDS431/TI.TI.TI/Desenvolvimento/system/libraries/Cache/drivers/Cache_dummy.php
1627577947|Giovana|A|/A2021-PDS431/TI.TI.TI/Desenvolvimento/system/libraries/Cache/drivers/Cache_file.php
1627577947|Giovana|A|/A2021-PDS431/TI.TI.TI/Desenvolvimento/system/libraries/Cache/drivers/Cache_memcached.php
1627577947|Giovana|A|/A2021-PDS431/TI.TI.TI/Desenvolvimento/system/libraries/Cache/drivers/Cache_redis.php
1627577947|Giovana|A|/A2021-PDS431/TI.TI.TI/Desenvolvimento/system/libraries/Cache/drivers/Cache_wincache.php
1627577947|Giovana|A|/A2021-PDS431/TI.TI.TI/Desenvolvimento/system/libraries/Cache/drivers/index.html
1627577947|Giovana|A|/A2021-PDS431/TI.TI.TI/Desenvolvimento/system/libraries/Cache/index.html
1627577947|Giovana|A|/A2021-PDS431/TI.TI.TI/Desenvolvimento/system/libraries/Calendar.php
1627577947|Giovana|A|/A2021-PDS431/TI.TI.TI/Desenvolvimento/system/libraries/Cart.php
1627577947|Giovana|A|/A2021-PDS431/TI.TI.TI/Desenvolvimento/system/libraries/Driver.php
1627577947|Giovana|A|/A2021-PDS431/TI.TI.TI/Desenvolvimento/system/libraries/Email.php
1627577947|Giovana|A|/A2021-PDS431/TI.TI.TI/Desenvolvimento/system/libraries/Encrypt.php
1627577947|Giovana|A|/A2021-PDS431/TI.TI.TI/Desenvolvimento/system/libraries/Encryption.php
1627577947|Giovana|A|/A2021-PDS431/TI.TI.TI/Desenvolvimento/system/libraries/Form_validation.php
1627577947|Giovana|A|/A2021-PDS431/TI.TI.TI/Desenvolvimento/system/libraries/Ftp.php
1627577947|Giovana|A|/A2021-PDS431/TI.TI.TI/Desenvolvimento/system/libraries/Image_lib.php
1627577947|Giovana|A|/A2021-PDS431/TI.TI.TI/Desenvolvimento/system/libraries/Javascript/Jquery.php
1627577947|Giovana|A|/A2021-PDS431/TI.TI.TI/Desenvolvimento/system/libraries/Javascript/index.html
1627577947|Giovana|A|/A2021-PDS431/TI.TI.TI/Desenvolvimento/system/libraries/Javascript.php
1627577947|Giovana|A|/A2021-PDS431/TI.TI.TI/Desenvolvimento/system/libraries/Migration.php
1627577947|Giovana|A|/A2021-PDS431/TI.TI.TI/Desenvolvimento/system/libraries/Pagination.php
1627577947|Giovana|A|/A2021-PDS431/TI.TI.TI/Desenvolvimento/system/libraries/Parser.php
1627577947|Giovana|A|/A2021-PDS431/TI.TI.TI/Desenvolvimento/system/libraries/Profiler.php
1627577947|Giovana|A|/A2021-PDS431/TI.TI.TI/Desenvolvimento/system/libraries/Session/Session.php
1627577947|Giovana|A|/A2021-PDS431/TI.TI.TI/Desenvolvimento/system/libraries/Session/SessionHandlerInterface.php
1627577947|Giovana|A|/A2021-PDS431/TI.TI.TI/Desenvolvimento/system/libraries/Session/Session_driver.php
1627577947|Giovana|A|/A2021-PDS431/TI.TI.TI/Desenvolvimento/system/libraries/Session/drivers/Session_database_driver.php
1627577947|Giovana|A|/A2021-PDS431/TI.TI.TI/Desenvolvimento/system/libraries/Session/drivers/Session_files_driver.php
1627577947|Giovana|A|/A2021-PDS431/TI.TI.TI/Desenvolvimento/system/libraries/Session/drivers/Session_memcached_driver.php
1627577947|Giovana|A|/A2021-PDS431/TI.TI.TI/Desenvolvimento/system/libraries/Session/drivers/Session_redis_driver.php
1627577947|Giovana|A|/A2021-PDS431/TI.TI.TI/Desenvolvimento/system/libraries/Session/drivers/index.html
1627577947|Giovana|A|/A2021-PDS431/TI.TI.TI/Desenvolvimento/system/libraries/Session/index.html
1627577947|Giovana|A|/A2021-PDS431/TI.TI.TI/Desenvolvimento/system/libraries/Table.php
1627577947|Giovana|A|/A2021-PDS431/TI.TI.TI/Desenvolvimento/system/libraries/Trackback.php
1627577947|Giovana|A|/A2021-PDS431/TI.TI.TI/Desenvolvimento/system/libraries/Typography.php
1627577947|Giovana|A|/A2021-PDS431/TI.TI.TI/Desenvolvimento/system/libraries/Unit_test.php
1627577947|Giovana|A|/A2021-PDS431/TI.TI.TI/Desenvolvimento/system/libraries/Upload.php
1627577947|Giovana|A|/A2021-PDS431/TI.TI.TI/Desenvolvimento/system/libraries/User_agent.php
1627577947|Giovana|A|/A2021-PDS431/TI.TI.TI/Desenvolvimento/system/libraries/Xmlrpc.php
1627577947|Giovana|A|/A2021-PDS431/TI.TI.TI/Desenvolvimento/system/libraries/Xmlrpcs.php
1627577947|Giovana|A|/A2021-PDS431/TI.TI.TI/Desenvolvimento/system/libraries/Zip.php
1627577947|Giovana|A|/A2021-PDS431/TI.TI.TI/Desenvolvimento/system/libraries/index.html
1627577947|Giovana|D|/A2021-PDS431/TI.TI.TI/Desenvolvimento/user_register.php
1627578084|Giovana|A|/A2021-PDS431/TI.TI.TI/Desenvolvimento/index.php
1627614109|Eduarda|M|/A2021-PDS431/TI.TI.TI/Documentos/RfRnfRn.pdf
1628021871|Eduarda|M|/A2021-PDS431/TI.TI.TI/Documentos/RfRnfRn.pdf
1628025110|Giovana|M|/A2021-PDS431/TI.TI.TI/Desenvolvimento/application/config/config.php
1628025110|Giovana|M|/A2021-PDS431/TI.TI.TI/Desenvolvimento/application/config/routes.php
1628025110|Giovana|M|/A2021-PDS431/TI.TI.TI/Desenvolvimento/application/controllers/Usuarios.php
1628025110|Giovana|M|/A2021-PDS431/TI.TI.TI/Desenvolvimento/application/language/english/content_lang.php
1628025110|Giovana|M|/A2021-PDS431/TI.TI.TI/Desenvolvimento/application/language/portuguese/content_lang.php
1628025110|Giovana|M|/A2021-PDS431/TI.TI.TI/Desenvolvimento/application/models/Racas_model.php
1628025110|Giovana|M|/A2021-PDS431/TI.TI.TI/Desenvolvimento/application/models/Temperamentos_model.php
1628025110|Giovana|M|/A2021-PDS431/TI.TI.TI/Desenvolvimento/application/models/Usuarios_model.php
1628025110|Giovana|M|/A2021-PDS431/TI.TI.TI/Desenvolvimento/application/views/animais/index.php
1628025110|Giovana|M|/A2021-PDS431/TI.TI.TI/Desenvolvimento/application/views/animais/register.php
1628025110|Giovana|M|/A2021-PDS431/TI.TI.TI/Desenvolvimento/application/views/templates/footer.php
1628025110|Giovana|M|/A2021-PDS431/TI.TI.TI/Desenvolvimento/application/views/templates/header.php
1628025110|Giovana|M|/A2021-PDS431/TI.TI.TI/Desenvolvimento/application/views/usuarios/index.php
1628025110|Giovana|M|/A2021-PDS431/TI.TI.TI/Desenvolvimento/application/views/usuarios/login.php
1628025110|Giovana|M|/A2021-PDS431/TI.TI.TI/Desenvolvimento/application/views/usuarios/register.php
1628025110|Giovana|M|/A2021-PDS431/TI.TI.TI/Desenvolvimento/assets/logo.jpeg
1628025110|Giovana|A|/A2021-PDS431/TI.TI.TI/Desenvolvimento/assets/script.js
1628025110|Giovana|A|/A2021-PDS431/TI.TI.TI/Desenvolvimento/assets/stylesheet.css
1628025110|Giovana|A|/A2021-PDS431/TI.TI.TI/Desenvolvimento/contributing.md
1628025221|Giovana|D|/A2021-PDS431/TI.TI.TI/Desenvolvimento/contributing.md
1628035052|Giovana|A|/A2021-PDS431/TI.TI.TI/Documentos/Notas/Divisao_Notas_Equipe_2B_2021.pdf
1628036319|Brenda|A|/A2021-PDS431/TI.TI.TI/Documentos/EntregaInicial/PETINDER.pdf
1628037621|Fernanda|A|/A2021-PDS431/TI.TI.TI/Documentos/LaTeX/EntregaInicial/abntex2-doc-abnt-6023.bib
1628037621|Fernanda|A|/A2021-PDS431/TI.TI.TI/Documentos/LaTeX/EntregaInicial/apendices/PropostaInicial.pdf
1628037621|Fernanda|A|/A2021-PDS431/TI.TI.TI/Documentos/LaTeX/EntregaInicial/apendices/ProvaConceitual.pdf
1628037621|Fernanda|A|/A2021-PDS431/TI.TI.TI/Documentos/LaTeX/EntregaInicial/defs-glossario.tex
1628037621|Fernanda|A|/A2021-PDS431/TI.TI.TI/Documentos/LaTeX/EntregaInicial/defs-siglas.tex
1628037621|Fernanda|A|/A2021-PDS431/TI.TI.TI/Documentos/LaTeX/EntregaInicial/desenvolvimento/figuras.tex
1628037621|Fernanda|A|/A2021-PDS431/TI.TI.TI/Documentos/LaTeX/EntregaInicial/desenvolvimento/quadros.tex
1628037621|Fernanda|A|/A2021-PDS431/TI.TI.TI/Documentos/LaTeX/EntregaInicial/desenvolvimento/tabelas.tex
1628037621|Fernanda|A|/A2021-PDS431/TI.TI.TI/Documentos/LaTeX/EntregaInicial/desenvolvimento/texto-desenvolvimento.tex
1628037621|Fernanda|A|/A2021-PDS431/TI.TI.TI/Documentos/LaTeX/EntregaInicial/desenvolvimento/texto-funcionalidades.tex
1628037621|Fernanda|A|/A2021-PDS431/TI.TI.TI/Documentos/LaTeX/EntregaInicial/desenvolvimento/texto-modelagem.tex
1628037621|Fernanda|A|/A2021-PDS431/TI.TI.TI/Documentos/LaTeX/EntregaInicial/desenvolvimento/texto-resultados.tex
1628037621|Fernanda|A|/A2021-PDS431/TI.TI.TI/Documentos/LaTeX/EntregaInicial/ifsp-spo-inf-cemi.cls
1628037621|Fernanda|A|/A2021-PDS431/TI.TI.TI/Documentos/LaTeX/EntregaInicial/ifsp-spo-inf-cpti.cls
1628037621|Fernanda|A|/A2021-PDS431/TI.TI.TI/Documentos/LaTeX/EntregaInicial/ifsp-spo-inf-ctds.cls
1628037621|Fernanda|A|/A2021-PDS431/TI.TI.TI/Documentos/LaTeX/EntregaInicial/ifsp-spo-inf.cls
1628037621|Fernanda|A|/A2021-PDS431/TI.TI.TI/Documentos/LaTeX/EntregaInicial/ifsp-spo.cls
1628037621|Fernanda|A|/A2021-PDS431/TI.TI.TI/Documentos/LaTeX/EntregaInicial/ifsp.cls
1628037621|Fernanda|A|/A2021-PDS431/TI.TI.TI/Documentos/LaTeX/EntregaInicial/imagens/CronogramaJULHO_01.jpg
1628037621|Fernanda|A|/A2021-PDS431/TI.TI.TI/Documentos/LaTeX/EntregaInicial/imagens/CronogramaJULHO_02.jpg
1628037621|Fernanda|A|/A2021-PDS431/TI.TI.TI/Documentos/LaTeX/EntregaInicial/imagens/CronogramaJUNHO_01.jpg
1628037621|Fernanda|A|/A2021-PDS431/TI.TI.TI/Documentos/LaTeX/EntregaInicial/imagens/CronogramaJUNHO_02.jpg
1628037621|Fernanda|A|/A2021-PDS431/TI.TI.TI/Documentos/LaTeX/EntregaInicial/imagens/CronogramaMAIO.jpg
1628037621|Fernanda|A|/A2021-PDS431/TI.TI.TI/Documentos/LaTeX/EntregaInicial/main.tex
1628037621|Fernanda|A|/A2021-PDS431/TI.TI.TI/Documentos/LaTeX/EntregaInicial/pos-anexos.tex
1628037621|Fernanda|A|/A2021-PDS431/TI.TI.TI/Documentos/LaTeX/EntregaInicial/pos-apendices.tex
1628037621|Fernanda|A|/A2021-PDS431/TI.TI.TI/Documentos/LaTeX/EntregaInicial/pos-glossario.tex
1628037621|Fernanda|A|/A2021-PDS431/TI.TI.TI/Documentos/LaTeX/EntregaInicial/pre-agradecimentos.tex
1628037621|Fernanda|A|/A2021-PDS431/TI.TI.TI/Documentos/LaTeX/EntregaInicial/pre-dedicatoria.tex
1628037621|Fernanda|A|/A2021-PDS431/TI.TI.TI/Documentos/LaTeX/EntregaInicial/pre-epigrafe.tex
1628037621|Fernanda|A|/A2021-PDS431/TI.TI.TI/Documentos/LaTeX/EntregaInicial/pre-errata.tex
1628037621|Fernanda|A|/A2021-PDS431/TI.TI.TI/Documentos/LaTeX/EntregaInicial/pre-fichacatalografica.tex
1628037621|Fernanda|A|/A2021-PDS431/TI.TI.TI/Documentos/LaTeX/EntregaInicial/pre-resumos.tex
1628037621|Fernanda|A|/A2021-PDS431/TI.TI.TI/Documentos/LaTeX/EntregaInicial/pre-siglas.tex
1628037621|Fernanda|A|/A2021-PDS431/TI.TI.TI/Documentos/LaTeX/EntregaInicial/pre-simbolos.tex
1628037621|Fernanda|A|/A2021-PDS431/TI.TI.TI/Documentos/LaTeX/EntregaInicial/referencias.bib
1628037621|Fernanda|A|/A2021-PDS431/TI.TI.TI/Documentos/LaTeX/EntregaInicial/textos-conclusao.tex
1628037621|Fernanda|A|/A2021-PDS431/TI.TI.TI/Documentos/LaTeX/EntregaInicial/textos-introducao.tex
1628037621|Fernanda|A|/A2021-PDS431/TI.TI.TI/Documentos/LaTeX/EntregaInicial/textos-revisao-literatura.tex
