1622131570|Giovana|A|/A2021-PDS431/TI.TI.TI/equipe.yaml
1622131783|Giovana|M|/A2021-PDS431/TI.TI.TI/equipe.yaml
1623196559|Brenda|A|/A2021-PDS431/TI.TI.TI/Documentos/ProspostaInicial/ApresentacaoPropostaIncial.pdf
1623198162|Giovana|A|/A2021-PDS431/TI.TI.TI/Documentos/PropostaInicial/ApresentacaoPropostaInicial.pdf
1623198162|Giovana|A|/A2021-PDS431/TI.TI.TI/Documentos/PropostaInicial/PropostaInicial.pdf
1623198838|Giovana|D|/A2021-PDS431/TI.TI.TI/Documentos/ProspostaInicial/
1623199485|Giovana|D|/A2021-PDS431/TI.TI.TI/Documentos/PropostaInicial/ApresentacaoPropostaInicial.pdf
1623199929|Brenda|A|/A2021-PDS431/TI.TI.TI/Documentos/EntregaInicial/ApresentacaoPropostaInicial.pdf
1623200246|Giovana|M|/A2021-PDS431/TI.TI.TI/Documentos/PropostaInicial/PropostaInicial.pdf
1623200331|Giovana|D|/A2021-PDS431/TI.TI.TI/Documentos/EntregaInicial/ApresentacaoPropostaInicial.pdf
1623201164|Brenda|A|/A2021-PDS431/TI.TI.TI/Documentos/PropostaInicial/ApresentacaoPropostaInicial.pdf
1623253523|Fernanda|A|/A2021-PDS431/TI.TI.TI/Documentos/PropostaInicial/AnaliseProjetosAnteriores.pdf
1623274704|Brenda|M|/A2021-PDS431/TI.TI.TI/Documentos/PropostaInicial/ApresentacaoPropostaInicial.pdf
1624719548|Giovana|A|/A2021-PDS431/TI.TI.TI/Documentos/Notas/Divisao_Notas_Equipe_1B_2021.pdf
1625164506|Gabriela|A|/A2021-PDS431/TI.TI.TI/Documentos/POC/ApresentacaoPoC.pdf
1625167335|Giovana|A|/A2021-PDS431/TI.TI.TI/Documentos/Notas/Divisao_Notas_Equipe_1B_2_2021.pdf
1625443353|Giovana|A|/A2021-PDS431/TI.TI.TI/Desenvolvimento/common.php
1625443353|Giovana|A|/A2021-PDS431/TI.TI.TI/Desenvolvimento/css/stylesheet.css
1625443353|Giovana|A|/A2021-PDS431/TI.TI.TI/Desenvolvimento/db/banco.class.php
1625443353|Giovana|A|/A2021-PDS431/TI.TI.TI/Desenvolvimento/db/main-pet-register.php
1625443353|Giovana|A|/A2021-PDS431/TI.TI.TI/Desenvolvimento/db/main-user-register.php
1625443353|Giovana|A|/A2021-PDS431/TI.TI.TI/Desenvolvimento/db/petinder_db.sql
1625443353|Giovana|A|/A2021-PDS431/TI.TI.TI/Desenvolvimento/img/logo.jpeg
1625443353|Giovana|A|/A2021-PDS431/TI.TI.TI/Desenvolvimento/index.php
1625443353|Giovana|A|/A2021-PDS431/TI.TI.TI/Desenvolvimento/js/script.js
1625443353|Giovana|A|/A2021-PDS431/TI.TI.TI/Desenvolvimento/langs.php
1625443353|Giovana|A|/A2021-PDS431/TI.TI.TI/Desenvolvimento/layout.php
1625443353|Giovana|A|/A2021-PDS431/TI.TI.TI/Desenvolvimento/pet_register.php
1625443353|Giovana|A|/A2021-PDS431/TI.TI.TI/Desenvolvimento/user_register.php
1625593077|Eduarda|A|/A2021-PDS431/TI.TI.TI/Documentos/RfRnfRn.pdf
1625618931|Brenda|A|/A2021-PDS431/TI.TI.TI/Documentos/POC/ProvaConceitual.pdf
1625625123|Giovana|M|/A2021-PDS431/TI.TI.TI/Desenvolvimento/db/banco.class.php
1625625123|Giovana|A|/A2021-PDS431/TI.TI.TI/Desenvolvimento/db/img/0f946ec38fc55cdbe5f4042427406c93.jpeg
1625625123|Giovana|M|/A2021-PDS431/TI.TI.TI/Desenvolvimento/db/main-pet-register.php
1625625123|Giovana|M|/A2021-PDS431/TI.TI.TI/Desenvolvimento/db/main-user-register.php
1625625123|Giovana|M|/A2021-PDS431/TI.TI.TI/Desenvolvimento/index.php
1625625123|Giovana|M|/A2021-PDS431/TI.TI.TI/Desenvolvimento/js/script.js
1625625123|Giovana|M|/A2021-PDS431/TI.TI.TI/Desenvolvimento/langs.php
1625625123|Giovana|M|/A2021-PDS431/TI.TI.TI/Desenvolvimento/pet_register.php
1625625123|Giovana|A|/A2021-PDS431/TI.TI.TI/Desenvolvimento/prova.php
1625625123|Giovana|M|/A2021-PDS431/TI.TI.TI/Desenvolvimento/user_register.php
1625671117|Gabriela|M|/A2021-PDS431/TI.TI.TI/Documentos/POC/ApresentacaoPoC.pdf
